<?xml version="1.0" encoding="UTF-8"?>
<!-- Generated by org.testng.reporters.JUnitXMLReporter -->
<testsuite ignored="0" hostname="LAPTOP-5HOODBDS" failures="0" tests="1" name="Default test(failed)(failed)" time="0.147" errors="0" timestamp="2024-11-29T23:13:03 IST">
  <testcase classname="tests.FlipkartTest" name="@BeforeClass setup" time="0.033">
    <failure type="java.lang.NullPointerException" message="Cannot invoke &amp;quot;org.openqa.selenium.WebDriver.get(String)&amp;quot; because &amp;quot;this.driver&amp;quot; is null">
      <![CDATA[java.lang.NullPointerException: Cannot invoke "org.openqa.selenium.WebDriver.get(String)" because "this.driver" is null
at tests.FlipkartTest.setup(FlipkartTest.java:17)
at java.base/java.util.ArrayList.forEach(ArrayList.java:1596)
... Removed 23 stack frames]]>
    </failure>
  </testcase> <!-- @BeforeClass setup -->
  <testcase classname="tests.FlipkartTest" name="flipkartWorkflow" time="0.001">
    <skipped/>
  </testcase> <!-- flipkartWorkflow -->
</testsuite> <!-- Default test(failed)(failed) -->
